<?xml version="1.0" encoding="UTF-8"?>
<!-- Generated by org.testng.reporters.JUnitXMLReporter -->
<testsuite ignored="0" hostname="192.168.1.210" failures="0" tests="2" name="Error Validations Tests" time="29.866" errors="0" timestamp="2024-11-06T19:30:45 CST">
  <testcase classname="org.joanmayAcademy.eCommerce_Tc_1" name="FillForm_ErrorValidationTest" time="11.062"/>
  <testcase classname="org.joanmayAcademy.eCommerce_Tc_1" name="FillForm_HappyPathTest" time="13.412"/>
</testsuite> <!-- Error Validations Tests -->
